#
# There is insufficient memory for the Java Runtime Environment to continue.
# Native memory allocation (malloc) failed to allocate 32784 bytes for Chunk::new
# Possible reasons:
#   The system is out of physical RAM or swap space
#   The process is running with CompressedOops enabled, and the Java Heap may be blocking the growth of the native heap
# Possible solutions:
#   Reduce memory load on the system
#   Increase physical memory or swap space
#   Check if swap backing store is full
#   Decrease Java heap size (-Xmx/-Xms)
#   Decrease number of Java threads
#   Decrease Java thread stack sizes (-Xss)
#   Set larger code cache with -XX:ReservedCodeCacheSize=
#   JVM is running with Unscaled Compressed Oops mode in which the Java heap is
#     placed in the first 4GB address space. The Java Heap base address is the
#     maximum limit for the native heap growth. Please use -XX:HeapBaseMinAddress
#     to set the Java Heap base and to place the Java Heap above 4GB virtual address.
# This output file may be truncated or incomplete.
#
#  Out of Memory Error (allocation.cpp:389), pid=50780, tid=0x000000000000c1e4
#
# JRE version: Java(TM) SE Runtime Environment (8.0_291-b10) (build 1.8.0_291-b10)
# Java VM: Java HotSpot(TM) 64-Bit Server VM (25.291-b10 mixed mode windows-amd64 compressed oops)
# Failed to write core dump. Minidumps are not enabled by default on client versions of Windows
#

---------------  T H R E A D  ---------------

Current thread (0x000002531816a000):  JavaThread "C2 CompilerThread1" daemon [_thread_in_native, id=49636, stack(0x000000f1d8500000,0x000000f1d8600000)]

Stack: [0x000000f1d8500000,0x000000f1d8600000]
Native frames: (J=compiled Java code, j=interpreted, Vv=VM code, C=native code)
V  [jvm.dll+0x32ea19]
V  [jvm.dll+0x275462]
V  [jvm.dll+0x27610d]
V  [jvm.dll+0x26cb45]
V  [jvm.dll+0xd524c]
V  [jvm.dll+0xd5a4c]
V  [jvm.dll+0xd559d]
V  [jvm.dll+0x4c619f]
V  [jvm.dll+0x4b24f1]
V  [jvm.dll+0x4b66a2]
V  [jvm.dll+0x4b6d77]
V  [jvm.dll+0x4b5b5e]
V  [jvm.dll+0x44065e]
V  [jvm.dll+0x43fc15]
V  [jvm.dll+0x42aa57]
V  [jvm.dll+0xabeeb]
V  [jvm.dll+0xaa54b]
V  [jvm.dll+0x23db02]
V  [jvm.dll+0x29210c]
C  [ucrtbase.dll+0x26c0c]
C  [KERNEL32.DLL+0x155a0]
C  [ntdll.dll+0x485b]


Current CompileTask:
C2:  12907 1689       4       java.util.jar.JarFile::maybeInstantiateVerifier (96 bytes)


---------------  P R O C E S S  ---------------

Java Threads: ( => current thread )
  0x000002531a5c1000 JavaThread "AsyncHttpClient-1-2" daemon [_thread_in_native, id=49732, stack(0x000000f1d9300000,0x000000f1d9400000)]
  0x000002531a08c800 JavaThread "UrlChecker-2" daemon [_thread_blocked, id=50752, stack(0x000000f1d9000000,0x000000f1d9100000)]
  0x000002531a08b800 JavaThread "Driver Service Executor" daemon [_thread_blocked, id=43440, stack(0x000000f1d8f00000,0x000000f1d9000000)]
  0x000002531a0d9000 JavaThread "Driver Service Executor" daemon [_thread_blocked, id=50592, stack(0x000000f1d8e00000,0x000000f1d8f00000)]
  0x000002531a0d8800 JavaThread "Exec Stream Pumper" daemon [_thread_in_native, id=47392, stack(0x000000f1d8d00000,0x000000f1d8e00000)]
  0x000002531a446800 JavaThread "Exec Stream Pumper" daemon [_thread_in_native, id=50284, stack(0x000000f1d8c00000,0x000000f1d8d00000)]
  0x000002531a056000 JavaThread "Exec Default Executor" daemon [_thread_in_native, id=50640, stack(0x000000f1d8b00000,0x000000f1d8c00000)]
  0x0000025319651000 JavaThread "AsyncHttpClient-1-1" daemon [_thread_blocked, id=50320, stack(0x000000f1d8a00000,0x000000f1d8b00000)]
  0x00000253181df000 JavaThread "Service Thread" daemon [_thread_blocked, id=47860, stack(0x000000f1d8700000,0x000000f1d8800000)]
  0x000002531816e000 JavaThread "C1 CompilerThread2" daemon [_thread_in_native, id=45600, stack(0x000000f1d8600000,0x000000f1d8700000)]
=>0x000002531816a000 JavaThread "C2 CompilerThread1" daemon [_thread_in_native, id=49636, stack(0x000000f1d8500000,0x000000f1d8600000)]
  0x000002531815c800 JavaThread "C2 CompilerThread0" daemon [_thread_blocked, id=46368, stack(0x000000f1d8400000,0x000000f1d8500000)]
  0x0000025318156800 JavaThread "Attach Listener" daemon [_thread_blocked, id=47892, stack(0x000000f1d8300000,0x000000f1d8400000)]
  0x0000025318155000 JavaThread "Signal Dispatcher" daemon [_thread_blocked, id=48520, stack(0x000000f1d8200000,0x000000f1d8300000)]
  0x0000025318136800 JavaThread "Finalizer" daemon [_thread_blocked, id=49296, stack(0x000000f1d8100000,0x000000f1d8200000)]
  0x000002531812f000 JavaThread "Reference Handler" daemon [_thread_blocked, id=50452, stack(0x000000f1d8000000,0x000000f1d8100000)]
  0x0000025304aec000 JavaThread "main" [_thread_in_Java, id=50172, stack(0x000000f1d7a00000,0x000000f1d7b00000)]

Other Threads:
  0x0000025318105000 VMThread [stack: 0x000000f1d7f00000,0x000000f1d8000000] [id=47620]
  0x0000025318241800 WatcherThread [stack: 0x000000f1d8800000,0x000000f1d8900000] [id=50416]

VM state:not at safepoint (normal execution)

VM Mutex/Monitor currently owned by a thread: None

heap address: 0x00000000c9e00000, size: 866 MB, Compressed Oops mode: 32-bit
Narrow klass base: 0x0000000000000000, Narrow klass shift: 3
Compressed class space size: 1073741824 Address: 0x0000000100000000

Heap:
 PSYoungGen      total 59392K, used 16188K [0x00000000edf80000, 0x00000000f2880000, 0x0000000100000000)
  eden space 57344K, 28% used [0x00000000edf80000,0x00000000eef4f180,0x00000000f1780000)
  from space 2048K, 0% used [0x00000000f1980000,0x00000000f1980000,0x00000000f1b80000)
  to   space 8704K, 0% used [0x00000000f2000000,0x00000000f2000000,0x00000000f2880000)
 ParOldGen       total 36864K, used 10090K [0x00000000c9e00000, 0x00000000cc200000, 0x00000000edf80000)
  object space 36864K, 27% used [0x00000000c9e00000,0x00000000ca7da9e8,0x00000000cc200000)
 Metaspace       used 22069K, capacity 22972K, committed 23040K, reserved 1069056K
  class space    used 2846K, capacity 3062K, committed 3072K, reserved 1048576K

Card table byte_map: [0x00000253158d0000,0x0000025315a90000] byte_map_base: 0x0000025315281000

Marking Bits: (ParMarkBitMap*) 0x0000000074127fe0
 Begin Bits: [0x0000025315a90000, 0x0000025316818000)
 End Bits:   [0x0000025316818000, 0x00000253175a0000)

Polling page: 0x0000025306360000

CodeCache: size=245760Kb used=5935Kb max_used=5935Kb free=239824Kb
 bounds [0x0000025306510000, 0x0000025306ae0000, 0x0000025315510000]
 total_blobs=2152 nmethods=1686 adapters=379
 compilation: enabled

Compilation events (10 events):
Event: 12.859 Thread 0x000002531816e000 1695       3       com.google.common.base.AbstractIterator::hasNext (65 bytes)
Event: 12.859 Thread 0x000002531816e000 nmethod 1695 0x0000025306abde90 code [0x0000025306abe020, 0x0000025306abe460]
Event: 12.860 Thread 0x000002531816e000 1696       3       com.google.common.base.CharMatcher::indexIn (48 bytes)
Event: 12.860 Thread 0x000002531816e000 nmethod 1696 0x0000025306abd290 code [0x0000025306abd460, 0x0000025306abdb70]
Event: 12.860 Thread 0x000002531816e000 1697       3       com.google.common.base.Splitter$1$1::separatorStart (16 bytes)
Event: 12.860 Thread 0x000002531816e000 nmethod 1697 0x0000025306abce10 code [0x0000025306abcf80, 0x0000025306abd1b0]
Event: 12.860 Thread 0x000002531816e000 1698       3       com.google.common.base.Splitter$SplittingIterator::computeNext (5 bytes)
Event: 12.861 Thread 0x000002531816e000 nmethod 1698 0x0000025306abc110 code [0x0000025306abc280, 0x0000025306abc490]
Event: 12.861 Thread 0x000002531816e000 1699       3       com.google.common.base.Splitter$1$1::separatorEnd (4 bytes)
Event: 12.861 Thread 0x000002531816e000 nmethod 1699 0x0000025306abbdd0 code [0x0000025306abbf20, 0x0000025306abc078]

GC Heap History (10 events):
Event: 5.096 GC heap before
{Heap before GC invocations=2 (full 0):
 PSYoungGen      total 16896K, used 16884K [0x00000000edf80000, 0x00000000f0080000, 0x0000000100000000)
  eden space 14848K, 100% used [0x00000000edf80000,0x00000000eee00000,0x00000000eee00000)
  from space 2048K, 99% used [0x00000000eee00000,0x00000000eeffd3c0,0x00000000ef000000)
  to   space 2048K, 0% used [0x00000000efe80000,0x00000000efe80000,0x00000000f0080000)
 ParOldGen       total 38400K, used 963K [0x00000000c9e00000, 0x00000000cc380000, 0x00000000edf80000)
  object space 38400K, 2% used [0x00000000c9e00000,0x00000000c9ef0fd0,0x00000000cc380000)
 Metaspace       used 8657K, capacity 8882K, committed 9088K, reserved 1056768K
  class space    used 954K, capacity 1039K, committed 1152K, reserved 1048576K
Event: 5.106 GC heap after
Heap after GC invocations=2 (full 0):
 PSYoungGen      total 31744K, used 2032K [0x00000000edf80000, 0x00000000f0080000, 0x0000000100000000)
  eden space 29696K, 0% used [0x00000000edf80000,0x00000000edf80000,0x00000000efc80000)
  from space 2048K, 99% used [0x00000000efe80000,0x00000000f007c010,0x00000000f0080000)
  to   space 2048K, 0% used [0x00000000efc80000,0x00000000efc80000,0x00000000efe80000)
 ParOldGen       total 38400K, used 2842K [0x00000000c9e00000, 0x00000000cc380000, 0x00000000edf80000)
  object space 38400K, 7% used [0x00000000c9e00000,0x00000000ca0c6870,0x00000000cc380000)
 Metaspace       used 8657K, capacity 8882K, committed 9088K, reserved 1056768K
  class space    used 954K, capacity 1039K, committed 1152K, reserved 1048576K
}
Event: 6.002 GC heap before
{Heap before GC invocations=3 (full 0):
 PSYoungGen      total 31744K, used 31728K [0x00000000edf80000, 0x00000000f0080000, 0x0000000100000000)
  eden space 29696K, 100% used [0x00000000edf80000,0x00000000efc80000,0x00000000efc80000)
  from space 2048K, 99% used [0x00000000efe80000,0x00000000f007c010,0x00000000f0080000)
  to   space 2048K, 0% used [0x00000000efc80000,0x00000000efc80000,0x00000000efe80000)
 ParOldGen       total 38400K, used 2842K [0x00000000c9e00000, 0x00000000cc380000, 0x00000000edf80000)
  object space 38400K, 7% used [0x00000000c9e00000,0x00000000ca0c6870,0x00000000cc380000)
 Metaspace       used 13259K, capacity 13546K, committed 13824K, reserved 1060864K
  class space    used 1570K, capacity 1675K, committed 1792K, reserved 1048576K
Event: 6.013 GC heap after
Heap after GC invocations=3 (full 0):
 PSYoungGen      total 31744K, used 2036K [0x00000000edf80000, 0x00000000f1d80000, 0x0000000100000000)
  eden space 29696K, 0% used [0x00000000edf80000,0x00000000edf80000,0x00000000efc80000)
  from space 2048K, 99% used [0x00000000efc80000,0x00000000efe7d3d0,0x00000000efe80000)
  to   space 2048K, 0% used [0x00000000f1b80000,0x00000000f1b80000,0x00000000f1d80000)
 ParOldGen       total 38400K, used 7507K [0x00000000c9e00000, 0x00000000cc380000, 0x00000000edf80000)
  object space 38400K, 19% used [0x00000000c9e00000,0x00000000ca554e80,0x00000000cc380000)
 Metaspace       used 13259K, capacity 13546K, committed 13824K, reserved 1060864K
  class space    used 1570K, capacity 1675K, committed 1792K, reserved 1048576K
}
Event: 7.573 GC heap before
{Heap before GC invocations=4 (full 0):
 PSYoungGen      total 31744K, used 31732K [0x00000000edf80000, 0x00000000f1d80000, 0x0000000100000000)
  eden space 29696K, 100% used [0x00000000edf80000,0x00000000efc80000,0x00000000efc80000)
  from space 2048K, 99% used [0x00000000efc80000,0x00000000efe7d3d0,0x00000000efe80000)
  to   space 2048K, 0% used [0x00000000f1b80000,0x00000000f1b80000,0x00000000f1d80000)
 ParOldGen       total 38400K, used 7507K [0x00000000c9e00000, 0x00000000cc380000, 0x00000000edf80000)
  object space 38400K, 19% used [0x00000000c9e00000,0x00000000ca554e80,0x00000000cc380000)
 Metaspace       used 19399K, capacity 20160K, committed 20352K, reserved 1067008K
  class space    used 2428K, capacity 2638K, committed 2688K, reserved 1048576K
Event: 7.587 GC heap after
Heap after GC invocations=4 (full 0):
 PSYoungGen      total 61440K, used 2032K [0x00000000edf80000, 0x00000000f1d80000, 0x0000000100000000)
  eden space 59392K, 0% used [0x00000000edf80000,0x00000000edf80000,0x00000000f1980000)
  from space 2048K, 99% used [0x00000000f1b80000,0x00000000f1d7c030,0x00000000f1d80000)
  to   space 2048K, 0% used [0x00000000f1980000,0x00000000f1980000,0x00000000f1b80000)
 ParOldGen       total 38400K, used 12265K [0x00000000c9e00000, 0x00000000cc380000, 0x00000000edf80000)
  object space 38400K, 31% used [0x00000000c9e00000,0x00000000ca9fa528,0x00000000cc380000)
 Metaspace       used 19399K, capacity 20160K, committed 20352K, reserved 1067008K
  class space    used 2428K, capacity 2638K, committed 2688K, reserved 1048576K
}
Event: 8.933 GC heap before
{Heap before GC invocations=5 (full 0):
 PSYoungGen      total 61440K, used 10868K [0x00000000edf80000, 0x00000000f1d80000, 0x0000000100000000)
  eden space 59392K, 14% used [0x00000000edf80000,0x00000000ee821160,0x00000000f1980000)
  from space 2048K, 99% used [0x00000000f1b80000,0x00000000f1d7c030,0x00000000f1d80000)
  to   space 2048K, 0% used [0x00000000f1980000,0x00000000f1980000,0x00000000f1b80000)
 ParOldGen       total 38400K, used 12265K [0x00000000c9e00000, 0x00000000cc380000, 0x00000000edf80000)
  object space 38400K, 31% used [0x00000000c9e00000,0x00000000ca9fa528,0x00000000cc380000)
 Metaspace       used 20430K, capacity 21194K, committed 21248K, reserved 1067008K
  class space    used 2561K, capacity 2769K, committed 2816K, reserved 1048576K
Event: 8.938 GC heap after
Heap after GC invocations=5 (full 0):
 PSYoungGen      total 59392K, used 2020K [0x00000000edf80000, 0x00000000f2880000, 0x0000000100000000)
  eden space 57344K, 0% used [0x00000000edf80000,0x00000000edf80000,0x00000000f1780000)
  from space 2048K, 98% used [0x00000000f1980000,0x00000000f1b793c0,0x00000000f1b80000)
  to   space 8704K, 0% used [0x00000000f2000000,0x00000000f2000000,0x00000000f2880000)
 ParOldGen       total 38400K, used 13184K [0x00000000c9e00000, 0x00000000cc380000, 0x00000000edf80000)
  object space 38400K, 34% used [0x00000000c9e00000,0x00000000caae0120,0x00000000cc380000)
 Metaspace       used 20430K, capacity 21194K, committed 21248K, reserved 1067008K
  class space    used 2561K, capacity 2769K, committed 2816K, reserved 1048576K
}
Event: 8.938 GC heap before
{Heap before GC invocations=6 (full 1):
 PSYoungGen      total 59392K, used 2020K [0x00000000edf80000, 0x00000000f2880000, 0x0000000100000000)
  eden space 57344K, 0% used [0x00000000edf80000,0x00000000edf80000,0x00000000f1780000)
  from space 2048K, 98% used [0x00000000f1980000,0x00000000f1b793c0,0x00000000f1b80000)
  to   space 8704K, 0% used [0x00000000f2000000,0x00000000f2000000,0x00000000f2880000)
 ParOldGen       total 38400K, used 13184K [0x00000000c9e00000, 0x00000000cc380000, 0x00000000edf80000)
  object space 38400K, 34% used [0x00000000c9e00000,0x00000000caae0120,0x00000000cc380000)
 Metaspace       used 20430K, capacity 21194K, committed 21248K, reserved 1067008K
  class space    used 2561K, capacity 2769K, committed 2816K, reserved 1048576K
Event: 8.987 GC heap after
Heap after GC invocations=6 (full 1):
 PSYoungGen      total 59392K, used 0K [0x00000000edf80000, 0x00000000f2880000, 0x0000000100000000)
  eden space 57344K, 0% used [0x00000000edf80000,0x00000000edf80000,0x00000000f1780000)
  from space 2048K, 0% used [0x00000000f1980000,0x00000000f1980000,0x00000000f1b80000)
  to   space 8704K, 0% used [0x00000000f2000000,0x00000000f2000000,0x00000000f2880000)
 ParOldGen       total 36864K, used 10090K [0x00000000c9e00000, 0x00000000cc200000, 0x00000000edf80000)
  object space 36864K, 27% used [0x00000000c9e00000,0x00000000ca7da9e8,0x00000000cc200000)
 Metaspace       used 20430K, capacity 21194K, committed 21248K, reserved 1067008K
  class space    used 2561K, capacity 2769K, committed 2816K, reserved 1048576K
}

Deoptimization events (10 events):
Event: 6.068 Thread 0x0000025304aec000 Uncommon trap: reason=bimorphic action=maybe_recompile pc=0x00000253069e33b0 method=java.util.regex.Pattern$Curly.match(Ljava/util/regex/Matcher;ILjava/lang/CharSequence;)Z @ 19
Event: 6.068 Thread 0x0000025304aec000 Uncommon trap: reason=bimorphic action=maybe_recompile pc=0x00000253069e33b0 method=java.util.regex.Pattern$Curly.match(Ljava/util/regex/Matcher;ILjava/lang/CharSequence;)Z @ 19
Event: 6.068 Thread 0x0000025304aec000 Uncommon trap: reason=bimorphic action=maybe_recompile pc=0x00000253069e33b0 method=java.util.regex.Pattern$Curly.match(Ljava/util/regex/Matcher;ILjava/lang/CharSequence;)Z @ 19
Event: 6.461 Thread 0x0000025304aec000 Uncommon trap: reason=class_check action=maybe_recompile pc=0x00000253068da984 method=java.util.regex.Matcher.search(I)Z @ 86
Event: 6.461 Thread 0x0000025304aec000 Uncommon trap: reason=class_check action=maybe_recompile pc=0x00000253068da984 method=java.util.regex.Matcher.search(I)Z @ 86
Event: 6.461 Thread 0x0000025304aec000 Uncommon trap: reason=class_check action=maybe_recompile pc=0x00000253068da984 method=java.util.regex.Matcher.search(I)Z @ 86
Event: 6.461 Thread 0x0000025304aec000 Uncommon trap: reason=class_check action=maybe_recompile pc=0x00000253068da984 method=java.util.regex.Matcher.search(I)Z @ 86
Event: 6.481 Thread 0x0000025304aec000 Uncommon trap: reason=unstable_if action=reinterpret pc=0x00000253066cde38 method=java.lang.String.replace(CC)Ljava/lang/String; @ 2
Event: 7.520 Thread 0x0000025304aec000 Uncommon trap: reason=unstable_if action=reinterpret pc=0x00000253069c9fe8 method=java.util.regex.Pattern$BmpCharProperty.match(Ljava/util/regex/Matcher;ILjava/lang/CharSequence;)Z @ 34
Event: 12.730 Thread 0x000002531a5c1000 Uncommon trap: reason=null_check action=make_not_entrant pc=0x0000025306a097c0 method=java.lang.StringCoding.deref(Ljava/lang/ThreadLocal;)Ljava/lang/Object; @ 4

Classes redefined (0 events):
No events

Internal exceptions (10 events):
Event: 7.106 Thread 0x0000025304aec000 Exception <a 'java/lang/ArrayIndexOutOfBoundsException'> (0x00000000ef49a640) thrown at [C:\jenkins\workspace\8-2-build-windows-amd64-cygwin\jdk8u291\1294\hotspot\src\share\vm\runtime\sharedRuntime.cpp, line 609]
Event: 7.129 Thread 0x0000025304aec000 Exception <a 'java/lang/NoSuchMethodError': java.lang.Object.lambda$andThen$1(Ljava/util/function/Function;Ljava/lang/Object;)Ljava/lang/Object;> (0x00000000ef4b03d0) thrown at [C:\jenkins\workspace\8-2-build-windows-amd64-cygwin\jdk8u291\1294\hotspot\src
Event: 7.306 Thread 0x0000025304aec000 Exception <a 'java/lang/NoSuchMethodError': java.lang.Object.lambda$chars$0()Ljava/util/Spliterator$OfInt;> (0x00000000ef683350) thrown at [C:\jenkins\workspace\8-2-build-windows-amd64-cygwin\jdk8u291\1294\hotspot\src\share\vm\interpreter\linkResolver.cpp
Event: 7.440 Thread 0x0000025304aec000 Exception <a 'java/lang/NoSuchMethodError': java.lang.Object.lambda$negate$1(Ljava/lang/Object;)Z> (0x00000000ef962298) thrown at [C:\jenkins\workspace\8-2-build-windows-amd64-cygwin\jdk8u291\1294\hotspot\src\share\vm\interpreter\linkResolver.cpp, line 62
Event: 9.026 Thread 0x000002531a5c1000 Exception <a 'java/lang/ArrayIndexOutOfBoundsException'> (0x00000000ee154f98) thrown at [C:\jenkins\workspace\8-2-build-windows-amd64-cygwin\jdk8u291\1294\hotspot\src\share\vm\runtime\sharedRuntime.cpp, line 609]
Event: 9.026 Thread 0x000002531a5c1000 Exception <a 'java/lang/ArrayIndexOutOfBoundsException'> (0x00000000ee1567c0) thrown at [C:\jenkins\workspace\8-2-build-windows-amd64-cygwin\jdk8u291\1294\hotspot\src\share\vm\runtime\sharedRuntime.cpp, line 609]
Event: 9.027 Thread 0x000002531a5c1000 Exception <a 'java/lang/ArrayIndexOutOfBoundsException'> (0x00000000ee159f38) thrown at [C:\jenkins\workspace\8-2-build-windows-amd64-cygwin\jdk8u291\1294\hotspot\src\share\vm\runtime\sharedRuntime.cpp, line 609]
Event: 9.027 Thread 0x000002531a5c1000 Exception <a 'java/lang/ArrayIndexOutOfBoundsException'> (0x00000000ee15b0b0) thrown at [C:\jenkins\workspace\8-2-build-windows-amd64-cygwin\jdk8u291\1294\hotspot\src\share\vm\runtime\sharedRuntime.cpp, line 609]
Event: 12.730 Thread 0x000002531a5c1000 Implicit null exception at 0x0000025306a07021 to 0x0000025306a09795
Event: 12.831 Thread 0x0000025304aec000 Exception <a 'java/lang/NoSuchMethodError': java.lang.Object.lambda$getResponseFunction$0(Lorg/openqa/selenium/remote/InitialHandshakeResponse;)Lorg/openqa/selenium/remote/ProtocolHandshake$Result;> (0x00000000eec7fc90) thrown at [C:\jenkins\workspace\8-2

Events (10 events):
Event: 12.854 loading class com/google/common/base/Splitter$5
Event: 12.854 loading class com/google/common/base/Splitter$5 done
Event: 12.855 loading class com/google/common/base/AbstractIterator$State
Event: 12.855 loading class com/google/common/base/AbstractIterator$State done
Event: 12.856 loading class com/google/common/base/AbstractIterator$1
Event: 12.857 loading class com/google/common/base/AbstractIterator$1 done
Event: 12.857 loading class com/google/common/base/NullnessCasts
Event: 12.857 loading class com/google/common/base/NullnessCasts done
Event: 12.861 loading class org/openqa/selenium/interactions/PointerInput
Event: 12.861 loading class org/openqa/selenium/interactions/PointerInput done


Dynamic libraries:
0x00007ff774280000 - 0x00007ff7742c7000 	C:\Program Files\Java\jdk1.8.0_291\bin\javaw.exe
0x00007ffbebf60000 - 0x00007ffbec169000 	C:\WINDOWS\SYSTEM32\ntdll.dll
0x00007ffbea4b0000 - 0x00007ffbea56e000 	C:\WINDOWS\System32\KERNEL32.DLL
0x00007ffbe96e0000 - 0x00007ffbe9a5b000 	C:\WINDOWS\System32\KERNELBASE.dll
0x00007ffbeada0000 - 0x00007ffbeae4e000 	C:\WINDOWS\System32\ADVAPI32.dll
0x00007ffbeaef0000 - 0x00007ffbeaf93000 	C:\WINDOWS\System32\msvcrt.dll
0x00007ffbeb780000 - 0x00007ffbeb81e000 	C:\WINDOWS\System32\sechost.dll
0x00007ffbebc50000 - 0x00007ffbebd70000 	C:\WINDOWS\System32\RPCRT4.dll
0x00007ffbeb160000 - 0x00007ffbeb30d000 	C:\WINDOWS\System32\USER32.dll
0x00007ffbe9d30000 - 0x00007ffbe9d56000 	C:\WINDOWS\System32\win32u.dll
0x00007ffbeb820000 - 0x00007ffbeb849000 	C:\WINDOWS\System32\GDI32.dll
0x00007ffbe9550000 - 0x00007ffbe9668000 	C:\WINDOWS\System32\gdi32full.dll
0x00007ffbe9c90000 - 0x00007ffbe9d2d000 	C:\WINDOWS\System32\msvcp_win.dll
0x00007ffbe9430000 - 0x00007ffbe9541000 	C:\WINDOWS\System32\ucrtbase.dll
0x00007ffbce4a0000 - 0x00007ffbce745000 	C:\WINDOWS\WinSxS\amd64_microsoft.windows.common-controls_6595b64144ccf1df_6.0.22000.120_none_9d947278b86cc467\COMCTL32.dll
0x00007ffbe9e40000 - 0x00007ffbe9e72000 	C:\WINDOWS\System32\IMM32.DLL
0x0000025306370000 - 0x0000025306384000 	C:\WINDOWS\System32\umppc16303.dll
0x00007ffbdae30000 - 0x00007ffbdae45000 	C:\Program Files\Java\jdk1.8.0_291\jre\bin\vcruntime140.dll
0x00007ffbb2790000 - 0x00007ffbb282b000 	C:\Program Files\Java\jdk1.8.0_291\jre\bin\msvcp140.dll
0x0000000073940000 - 0x00000000741a0000 	C:\Program Files\Java\jdk1.8.0_291\jre\bin\server\jvm.dll
0x00007ffbeae50000 - 0x00007ffbeae58000 	C:\WINDOWS\System32\PSAPI.DLL
0x00007ffbd9830000 - 0x00007ffbd9839000 	C:\WINDOWS\SYSTEM32\WSOCK32.dll
0x00007ffbea570000 - 0x00007ffbea5df000 	C:\WINDOWS\System32\WS2_32.dll
0x00007ffbe0360000 - 0x00007ffbe0393000 	C:\WINDOWS\SYSTEM32\WINMM.dll
0x00007ffbdfc70000 - 0x00007ffbdfc7a000 	C:\WINDOWS\SYSTEM32\VERSION.dll
0x00007ffbe84b0000 - 0x00007ffbe84c8000 	C:\WINDOWS\SYSTEM32\kernel.appcore.dll
0x00007ffbd3030000 - 0x00007ffbd3040000 	C:\Program Files\Java\jdk1.8.0_291\jre\bin\verify.dll
0x00007ffbc2a30000 - 0x00007ffbc2a5b000 	C:\Program Files\Java\jdk1.8.0_291\jre\bin\java.dll
0x00007ffbc1870000 - 0x00007ffbc1888000 	C:\Program Files\Java\jdk1.8.0_291\jre\bin\zip.dll
0x00007ffbea5e0000 - 0x00007ffbead97000 	C:\WINDOWS\System32\SHELL32.dll
0x00007ffbe7520000 - 0x00007ffbe7d85000 	C:\WINDOWS\SYSTEM32\windows.storage.dll
0x00007ffbeb8b0000 - 0x00007ffbebc28000 	C:\WINDOWS\System32\combase.dll
0x00007ffbe73b0000 - 0x00007ffbe7516000 	C:\WINDOWS\SYSTEM32\wintypes.dll
0x00007ffbeb690000 - 0x00007ffbeb77a000 	C:\WINDOWS\System32\SHCORE.dll
0x00007ffbeb380000 - 0x00007ffbeb3dd000 	C:\WINDOWS\System32\shlwapi.dll
0x00007ffbe9360000 - 0x00007ffbe9381000 	C:\WINDOWS\SYSTEM32\profapi.dll
0x00007ffb894d0000 - 0x00007ffb894f4000 	C:\Program Files\Java\jdk1.8.0_291\jre\bin\sunec.dll
0x00007ffbc0a90000 - 0x00007ffbc0aac000 	C:\Program Files\Java\jdk1.8.0_291\jre\bin\net.dll
0x00007ffbe8950000 - 0x00007ffbe89b7000 	C:\WINDOWS\system32\mswsock.dll
0x00007ffbe7fe0000 - 0x00007ffbe800d000 	C:\WINDOWS\SYSTEM32\IPHLPAPI.DLL
0x00007ffbeae60000 - 0x00007ffbeae69000 	C:\WINDOWS\System32\NSI.dll
0x00007ffbdfba0000 - 0x00007ffbdfbb9000 	C:\WINDOWS\SYSTEM32\dhcpcsvc6.DLL
0x00007ffbe0020000 - 0x00007ffbe003e000 	C:\WINDOWS\SYSTEM32\dhcpcsvc.DLL
0x00007ffbe8010000 - 0x00007ffbe80f8000 	C:\WINDOWS\SYSTEM32\DNSAPI.dll
0x00007ffbc0a70000 - 0x00007ffbc0a83000 	C:\Program Files\Java\jdk1.8.0_291\jre\bin\nio.dll
0x00007ffbe8b90000 - 0x00007ffbe8ba8000 	C:\WINDOWS\SYSTEM32\CRYPTSP.dll
0x00007ffbe8410000 - 0x00007ffbe8445000 	C:\WINDOWS\system32\rsaenh.dll
0x00007ffbe8a40000 - 0x00007ffbe8a69000 	C:\WINDOWS\SYSTEM32\USERENV.dll
0x00007ffbe8d20000 - 0x00007ffbe8d47000 	C:\WINDOWS\SYSTEM32\bcrypt.dll
0x00007ffbe9d60000 - 0x00007ffbe9ddf000 	C:\WINDOWS\System32\bcryptprimitives.dll
0x00007ffbe8bb0000 - 0x00007ffbe8bbc000 	C:\WINDOWS\SYSTEM32\CRYPTBASE.dll
0x00007ffbd68a0000 - 0x00007ffbd68aa000 	C:\Windows\System32\rasadhlp.dll
0x00007ffbdf7c0000 - 0x00007ffbdf841000 	C:\WINDOWS\System32\fwpuclnt.dll
0x00007ffbde580000 - 0x00007ffbde58d000 	C:\Program Files\Java\jdk1.8.0_291\jre\bin\management.dll
0x00007ffbc4c10000 - 0x00007ffbc4c27000 	C:\WINDOWS\system32\napinsp.dll
0x00007ffbdb030000 - 0x00007ffbdb04b000 	C:\WINDOWS\system32\pnrpnsp.dll
0x00007ffbdb050000 - 0x00007ffbdb062000 	C:\WINDOWS\System32\winrnr.dll
0x00007ffbe1780000 - 0x00007ffbe1795000 	C:\WINDOWS\system32\wshbth.dll
0x00007ffbdb070000 - 0x00007ffbdb08f000 	C:\WINDOWS\system32\nlansp_c.dll
0x00007ffbe7160000 - 0x00007ffbe7381000 	C:\WINDOWS\SYSTEM32\dbghelp.dll

VM Arguments:
jvm_args: -Dfile.encoding=Cp1252 
java_command: b1_windowHandling.Task6
java_class_path (initial): C:\Batch 256\C1_Webdriver\target\test-classes;C:\Batch 256\C1_Webdriver\target\classes;C:\Users\Gs praba\.m2\repository\org\seleniumhq\selenium\selenium-java\4.7.2\selenium-java-4.7.2.jar;C:\Users\Gs praba\.m2\repository\org\seleniumhq\selenium\selenium-api\4.7.2\selenium-api-4.7.2.jar;C:\Users\Gs praba\.m2\repository\org\seleniumhq\selenium\selenium-chrome-driver\4.7.2\selenium-chrome-driver-4.7.2.jar;C:\Users\Gs praba\.m2\repository\com\google\auto\service\auto-service-annotations\1.0.1\auto-service-annotations-1.0.1.jar;C:\Users\Gs praba\.m2\repository\com\google\auto\service\auto-service\1.0.1\auto-service-1.0.1.jar;C:\Users\Gs praba\.m2\repository\com\google\auto\auto-common\1.2\auto-common-1.2.jar;C:\Users\Gs praba\.m2\repository\com\google\guava\guava\31.1-jre\guava-31.1-jre.jar;C:\Users\Gs praba\.m2\repository\com\google\guava\failureaccess\1.0.1\failureaccess-1.0.1.jar;C:\Users\Gs praba\.m2\repository\com\google\guava\listenablefuture\9999.0-empty-to-avoid-conflict-with-guava\listenablefuture-9999.0-empty-to-avoid-conflict-with-guava.jar;C:\Users\Gs praba\.m2\repository\com\google\code\findbugs\jsr305\3.0.2\jsr305-3.0.2.jar;C:\Users\Gs praba\.m2\repository\org\checkerframework\checker-qual\3.12.0\checker-qual-3.12.0.jar;C:\Users\Gs praba\.m2\repository\com\google\errorprone\error_prone_annotations\2.11.0\error_prone_annotations-2.11.0.jar;C:\Users\Gs praba\.m2\repository\com\google\j2objc\j2objc-annotations\1.3\j2objc-annotations-1.3.jar;C:\Users\Gs praba\.m2\repository\org\seleniumhq\selenium\selenium-chromium-driver\4.7.2\selenium-chromium-driver-4.7.2.jar;C:\Users\Gs praba\.m2\repository\org\seleniumhq\selenium\selenium-json\4.7.2\selenium-json-4.7.2.jar;C:\Users\Gs praba\.m2\repository\org\seleniumhq\selenium\selenium-devtools-v106\4.7.2\selenium-devtools-v106-4.7.2.jar;C:\Users\Gs praba\.m2\repository\org\seleniumhq\selenium\selenium-devtools-v107\4.7.2\selenium-devtools-v107-4.7.2.jar;C:\Users\Gs praba\.m2\repository\org\s
Launcher Type: SUN_STANDARD

Environment Variables:
PATH=C:/Program Files/Java/jdk1.8.0_291/bin/../jre/bin/server;C:/Program Files/Java/jdk1.8.0_291/bin/../jre/bin;C:/Program Files/Java/jdk1.8.0_291/bin/../jre/lib/amd64;C:\Program Files\Java\jdk1.8.0_291\bin;C:\Program Files\Java\jre1.8.0_291\bin;C:\Program Files (x86)\Common Files\Oracle\Java\javapath;C:\WINDOWS\system32;C:\WINDOWS;C:\WINDOWS\System32\Wbem;C:\WINDOWS\System32\WindowsPowerShell\v1.0\;C:\WINDOWS\System32\OpenSSH\;C:\Users\Gs praba\AppData\Local\Microsoft\WindowsApps;;C:\Eclipes\eclipse-jee-neon-3-win32-x86_64\eclipse;
USERNAME=Gs praba
OS=Windows_NT
PROCESSOR_IDENTIFIER=AMD64 Family 23 Model 24 Stepping 1, AuthenticAMD



---------------  S Y S T E M  ---------------

OS: Windows 10.0 , 64 bit Build 22000 (10.0.22000.1335)

CPU:total 4 (initial active 4) (4 cores per cpu, 1 threads per core) family 23 model 24 stepping 1, cmov, cx8, fxsr, mmx, sse, sse2, sse3, ssse3, sse4.1, sse4.2, popcnt, avx, avx2, aes, clmul, mmxext, 3dnowpref, lzcnt, sse4a, tsc, tscinvbit, tscinv, bmi1

Memory: 4k page, physical 3543304k(128584k free), swap 14553352k(4k free)

vm_info: Java HotSpot(TM) 64-Bit Server VM (25.291-b10) for windows-amd64 JRE (1.8.0_291-b10), built on Apr  9 2021 00:02:00 by "java_re" with MS VC++ 15.9 (VS2017)

time: Wed Feb  1 21:16:49 2023
timezone: India Standard Time
elapsed time: 12.930494 seconds (0d 0h 0m 12s)

